{"D:\\Work\\Rope_of_Help\\src\\database\\connect.js": {"path":"D:\\Work\\Rope_of_Help\\src\\database\\connect.js","statementMap":{"0":{"start":{"line":1,"column":19},"end":{"line":1,"column":45}},"1":{"start":{"line":3,"column":0},"end":{"line":14,"column":1}},"2":{"start":{"line":4,"column":4},"end":{"line":13,"column":5}},"3":{"start":{"line":5,"column":8},"end":{"line":5,"column":24}},"4":{"start":{"line":6,"column":8},"end":{"line":6,"column":44}},"5":{"start":{"line":7,"column":8},"end":{"line":7,"column":31}},"6":{"start":{"line":8,"column":8},"end":{"line":8,"column":47}},"7":{"start":{"line":9,"column":8},"end":{"line":9,"column":16}},"8":{"start":{"line":11,"column":8},"end":{"line":11,"column":22}},"9":{"start":{"line":12,"column":8},"end":{"line":12,"column":16}}},"fnMap":{"0":{"name":"connect","decl":{"start":{"line":3,"column":32},"end":{"line":3,"column":39}},"loc":{"start":{"line":3,"column":42},"end":{"line":14,"column":1}},"line":3}},"branchMap":{},"s":{"0":1,"1":1,"2":1,"3":1,"4":1,"5":1,"6":1,"7":1,"8":0,"9":0},"f":{"0":1},"b":{},"_coverageSchema":"1a1c01bbd47fc00a2c39e90264f33305004495a9","hash":"f754f03bc4d2135d83136447fa5089f4857a75a4"}
,"D:\\Work\\Rope_of_Help\\src\\database\\sequelize.js": {"path":"D:\\Work\\Rope_of_Help\\src\\database\\sequelize.js","statementMap":{"0":{"start":{"line":1,"column":18},"end":{"line":1,"column":38}},"1":{"start":{"line":3,"column":0},"end":{"line":18,"column":2}}},"fnMap":{},"branchMap":{},"s":{"0":2,"1":2},"f":{},"b":{},"_coverageSchema":"1a1c01bbd47fc00a2c39e90264f33305004495a9","hash":"b50b4962ee22b28cdb2396fac9eaa9fb6165e0d4"}
,"D:\\Work\\Rope_of_Help\\src\\database\\models\\advertisements.js": {"path":"D:\\Work\\Rope_of_Help\\src\\database\\models\\advertisements.js","statementMap":{"0":{"start":{"line":1,"column":12},"end":{"line":1,"column":33}},"1":{"start":{"line":2,"column":35},"end":{"line":2,"column":38}},"2":{"start":{"line":4,"column":18},"end":{"line":4,"column":45}},"3":{"start":{"line":8,"column":0},"end":{"line":19,"column":2}},"4":{"start":{"line":21,"column":0},"end":{"line":21,"column":83}},"5":{"start":{"line":23,"column":0},"end":{"line":23,"column":31}}},"fnMap":{},"branchMap":{},"s":{"0":1,"1":1,"2":1,"3":1,"4":1,"5":1},"f":{},"b":{},"_coverageSchema":"1a1c01bbd47fc00a2c39e90264f33305004495a9","hash":"5c102bf7f7f8f793a1e48afb139f98d48336c271"}
,"D:\\Work\\Rope_of_Help\\src\\database\\models\\profiles.js": {"path":"D:\\Work\\Rope_of_Help\\src\\database\\models\\profiles.js","statementMap":{"0":{"start":{"line":1,"column":12},"end":{"line":1,"column":33}},"1":{"start":{"line":2,"column":41},"end":{"line":2,"column":44}},"2":{"start":{"line":4,"column":18},"end":{"line":4,"column":45}},"3":{"start":{"line":8,"column":0},"end":{"line":26,"column":2}},"4":{"start":{"line":28,"column":0},"end":{"line":28,"column":65}},"5":{"start":{"line":30,"column":0},"end":{"line":30,"column":25}}},"fnMap":{},"branchMap":{},"s":{"0":1,"1":1,"2":1,"3":1,"4":1,"5":1},"f":{},"b":{},"_coverageSchema":"1a1c01bbd47fc00a2c39e90264f33305004495a9","hash":"863320b7f0332a48e615e6052d50ef9c5a3c7f34"}
,"D:\\Work\\Rope_of_Help\\src\\database\\models\\users.js": {"path":"D:\\Work\\Rope_of_Help\\src\\database\\models\\users.js","statementMap":{"0":{"start":{"line":1,"column":12},"end":{"line":1,"column":32}},"1":{"start":{"line":2,"column":35},"end":{"line":2,"column":38}},"2":{"start":{"line":4,"column":18},"end":{"line":4,"column":45}},"3":{"start":{"line":5,"column":24},"end":{"line":5,"column":55}},"4":{"start":{"line":6,"column":17},"end":{"line":6,"column":42}},"5":{"start":{"line":10,"column":0},"end":{"line":21,"column":2}},"6":{"start":{"line":23,"column":0},"end":{"line":23,"column":49}},"7":{"start":{"line":24,"column":0},"end":{"line":24,"column":59}},"8":{"start":{"line":26,"column":0},"end":{"line":26,"column":56}},"9":{"start":{"line":28,"column":0},"end":{"line":28,"column":22}}},"fnMap":{},"branchMap":{},"s":{"0":1,"1":1,"2":1,"3":1,"4":1,"5":1,"6":1,"7":1,"8":1,"9":1},"f":{},"b":{},"_coverageSchema":"1a1c01bbd47fc00a2c39e90264f33305004495a9","hash":"1378588398c831ed041bc8d8b95e09e1423ca97e"}
,"D:\\Work\\Rope_of_Help\\src\\middleware\\postgres-log.js": {"path":"D:\\Work\\Rope_of_Help\\src\\middleware\\postgres-log.js","statementMap":{"0":{"start":{"line":1,"column":12},"end":{"line":1,"column":31}},"1":{"start":{"line":2,"column":24},"end":{"line":2,"column":27}},"2":{"start":{"line":4,"column":0},"end":{"line":24,"column":1}},"3":{"start":{"line":5,"column":19},"end":{"line":11,"column":5}},"4":{"start":{"line":12,"column":24},"end":{"line":12,"column":122}},"5":{"start":{"line":13,"column":4},"end":{"line":23,"column":7}},"6":{"start":{"line":14,"column":8},"end":{"line":17,"column":9}},"7":{"start":{"line":15,"column":12},"end":{"line":15,"column":29}},"8":{"start":{"line":16,"column":12},"end":{"line":16,"column":21}},"9":{"start":{"line":18,"column":19},"end":{"line":18,"column":44}},"10":{"start":{"line":19,"column":27},"end":{"line":19,"column":52}},"11":{"start":{"line":20,"column":8},"end":{"line":22,"column":11}},"12":{"start":{"line":21,"column":12},"end":{"line":21,"column":33}}},"fnMap":{"0":{"name":"(anonymous_0)","decl":{"start":{"line":4,"column":17},"end":{"line":4,"column":18}},"loc":{"start":{"line":4,"column":66},"end":{"line":24,"column":1}},"line":4},"1":{"name":"(anonymous_1)","decl":{"start":{"line":13,"column":24},"end":{"line":13,"column":25}},"loc":{"start":{"line":13,"column":53},"end":{"line":23,"column":5}},"line":13},"2":{"name":"(anonymous_2)","decl":{"start":{"line":20,"column":39},"end":{"line":20,"column":40}},"loc":{"start":{"line":20,"column":68},"end":{"line":22,"column":9}},"line":20}},"branchMap":{"0":{"loc":{"start":{"line":7,"column":19},"end":{"line":7,"column":41}},"type":"binary-expr","locations":[{"start":{"line":7,"column":19},"end":{"line":7,"column":23}},{"start":{"line":7,"column":27},"end":{"line":7,"column":41}}],"line":7},"1":{"loc":{"start":{"line":10,"column":19},"end":{"line":10,"column":31}},"type":"binary-expr","locations":[{"start":{"line":10,"column":19},"end":{"line":10,"column":23}},{"start":{"line":10,"column":27},"end":{"line":10,"column":31}}],"line":10},"2":{"loc":{"start":{"line":14,"column":8},"end":{"line":17,"column":9}},"type":"if","locations":[{"start":{"line":14,"column":8},"end":{"line":17,"column":9}},{"start":{"line":14,"column":8},"end":{"line":17,"column":9}}],"line":14}},"s":{"0":1,"1":1,"2":1,"3":0,"4":0,"5":0,"6":0,"7":0,"8":0,"9":0,"10":0,"11":0,"12":0},"f":{"0":0,"1":0,"2":0},"b":{"0":[0,0],"1":[0,0],"2":[0,0]},"_coverageSchema":"1a1c01bbd47fc00a2c39e90264f33305004495a9","hash":"5c538986f5fd425c6f199704854f99ee02241d88"}
,"D:\\Work\\Rope_of_Help\\src\\repositories\\Users.js": {"path":"D:\\Work\\Rope_of_Help\\src\\repositories\\Users.js","statementMap":{"0":{"start":{"line":1,"column":14},"end":{"line":1,"column":54}},"1":{"start":{"line":2,"column":12},"end":{"line":2,"column":54}},"2":{"start":{"line":7,"column":8},"end":{"line":20,"column":9}},"3":{"start":{"line":8,"column":12},"end":{"line":8,"column":53}},"4":{"start":{"line":9,"column":29},"end":{"line":9,"column":82}},"5":{"start":{"line":10,"column":12},"end":{"line":17,"column":13}},"6":{"start":{"line":11,"column":16},"end":{"line":11,"column":47}},"7":{"start":{"line":14,"column":16},"end":{"line":15,"column":43}},"8":{"start":{"line":16,"column":20},"end":{"line":16,"column":41}},"9":{"start":{"line":19,"column":12},"end":{"line":19,"column":36}},"10":{"start":{"line":24,"column":8},"end":{"line":33,"column":9}},"11":{"start":{"line":25,"column":29},"end":{"line":25,"column":82}},"12":{"start":{"line":26,"column":12},"end":{"line":28,"column":13}},"13":{"start":{"line":27,"column":16},"end":{"line":27,"column":42}},"14":{"start":{"line":29,"column":12},"end":{"line":29,"column":53}},"15":{"start":{"line":30,"column":12},"end":{"line":30,"column":37}},"16":{"start":{"line":32,"column":12},"end":{"line":32,"column":36}},"17":{"start":{"line":38,"column":8},"end":{"line":38,"column":49}},"18":{"start":{"line":39,"column":8},"end":{"line":39,"column":37}},"19":{"start":{"line":43,"column":12},"end":{"line":43,"column":53}},"20":{"start":{"line":44,"column":12},"end":{"line":44,"column":73}},"21":{"start":{"line":48,"column":8},"end":{"line":49,"column":38}},"22":{"start":{"line":49,"column":12},"end":{"line":49,"column":38}},"23":{"start":{"line":50,"column":8},"end":{"line":50,"column":49}},"24":{"start":{"line":51,"column":8},"end":{"line":51,"column":29}},"25":{"start":{"line":52,"column":8},"end":{"line":52,"column":51}},"26":{"start":{"line":56,"column":8},"end":{"line":76,"column":9}},"27":{"start":{"line":57,"column":12},"end":{"line":57,"column":53}},"28":{"start":{"line":58,"column":29},"end":{"line":58,"column":76}},"29":{"start":{"line":59,"column":12},"end":{"line":66,"column":13}},"30":{"start":{"line":60,"column":39},"end":{"line":60,"column":92}},"31":{"start":{"line":61,"column":16},"end":{"line":62,"column":72}},"32":{"start":{"line":62,"column":20},"end":{"line":62,"column":72}},"33":{"start":{"line":63,"column":16},"end":{"line":65,"column":18}},"34":{"start":{"line":67,"column":12},"end":{"line":70,"column":18}},"35":{"start":{"line":68,"column":16},"end":{"line":70,"column":18}},"36":{"start":{"line":71,"column":12},"end":{"line":74,"column":18}},"37":{"start":{"line":72,"column":16},"end":{"line":74,"column":18}},"38":{"start":{"line":75,"column":12},"end":{"line":75,"column":34}},"39":{"start":{"line":77,"column":8},"end":{"line":77,"column":32}},"40":{"start":{"line":82,"column":0},"end":{"line":82,"column":23}}},"fnMap":{"0":{"name":"(anonymous_0)","decl":{"start":{"line":6,"column":4},"end":{"line":6,"column":5}},"loc":{"start":{"line":6,"column":41},"end":{"line":21,"column":5}},"line":6},"1":{"name":"(anonymous_1)","decl":{"start":{"line":23,"column":4},"end":{"line":23,"column":5}},"loc":{"start":{"line":23,"column":40},"end":{"line":35,"column":5}},"line":23},"2":{"name":"(anonymous_2)","decl":{"start":{"line":37,"column":4},"end":{"line":37,"column":5}},"loc":{"start":{"line":37,"column":27},"end":{"line":40,"column":6}},"line":37},"3":{"name":"(anonymous_3)","decl":{"start":{"line":42,"column":5},"end":{"line":42,"column":6}},"loc":{"start":{"line":42,"column":34},"end":{"line":45,"column":5}},"line":42},"4":{"name":"(anonymous_4)","decl":{"start":{"line":47,"column":4},"end":{"line":47,"column":5}},"loc":{"start":{"line":47,"column":33},"end":{"line":53,"column":5}},"line":47},"5":{"name":"(anonymous_5)","decl":{"start":{"line":55,"column":4},"end":{"line":55,"column":5}},"loc":{"start":{"line":55,"column":39},"end":{"line":78,"column":5}},"line":55}},"branchMap":{"0":{"loc":{"start":{"line":7,"column":8},"end":{"line":20,"column":9}},"type":"if","locations":[{"start":{"line":7,"column":8},"end":{"line":20,"column":9}},{"start":{"line":7,"column":8},"end":{"line":20,"column":9}}],"line":7},"1":{"loc":{"start":{"line":10,"column":12},"end":{"line":17,"column":13}},"type":"if","locations":[{"start":{"line":10,"column":12},"end":{"line":17,"column":13}},{"start":{"line":10,"column":12},"end":{"line":17,"column":13}}],"line":10},"2":{"loc":{"start":{"line":24,"column":8},"end":{"line":33,"column":9}},"type":"if","locations":[{"start":{"line":24,"column":8},"end":{"line":33,"column":9}},{"start":{"line":24,"column":8},"end":{"line":33,"column":9}}],"line":24},"3":{"loc":{"start":{"line":26,"column":12},"end":{"line":28,"column":13}},"type":"if","locations":[{"start":{"line":26,"column":12},"end":{"line":28,"column":13}},{"start":{"line":26,"column":12},"end":{"line":28,"column":13}}],"line":26},"4":{"loc":{"start":{"line":48,"column":8},"end":{"line":49,"column":38}},"type":"if","locations":[{"start":{"line":48,"column":8},"end":{"line":49,"column":38}},{"start":{"line":48,"column":8},"end":{"line":49,"column":38}}],"line":48},"5":{"loc":{"start":{"line":56,"column":8},"end":{"line":76,"column":9}},"type":"if","locations":[{"start":{"line":56,"column":8},"end":{"line":76,"column":9}},{"start":{"line":56,"column":8},"end":{"line":76,"column":9}}],"line":56},"6":{"loc":{"start":{"line":56,"column":12},"end":{"line":56,"column":24}},"type":"binary-expr","locations":[{"start":{"line":56,"column":12},"end":{"line":56,"column":16}},{"start":{"line":56,"column":20},"end":{"line":56,"column":24}}],"line":56},"7":{"loc":{"start":{"line":59,"column":12},"end":{"line":66,"column":13}},"type":"if","locations":[{"start":{"line":59,"column":12},"end":{"line":66,"column":13}},{"start":{"line":59,"column":12},"end":{"line":66,"column":13}}],"line":59},"8":{"loc":{"start":{"line":61,"column":16},"end":{"line":62,"column":72}},"type":"if","locations":[{"start":{"line":61,"column":16},"end":{"line":62,"column":72}},{"start":{"line":61,"column":16},"end":{"line":62,"column":72}}],"line":61},"9":{"loc":{"start":{"line":67,"column":12},"end":{"line":70,"column":18}},"type":"if","locations":[{"start":{"line":67,"column":12},"end":{"line":70,"column":18}},{"start":{"line":67,"column":12},"end":{"line":70,"column":18}}],"line":67},"10":{"loc":{"start":{"line":71,"column":12},"end":{"line":74,"column":18}},"type":"if","locations":[{"start":{"line":71,"column":12},"end":{"line":74,"column":18}},{"start":{"line":71,"column":12},"end":{"line":74,"column":18}}],"line":71}},"s":{"0":1,"1":1,"2":1,"3":0,"4":0,"5":0,"6":0,"7":0,"8":0,"9":1,"10":1,"11":0,"12":0,"13":0,"14":0,"15":0,"16":1,"17":0,"18":0,"19":0,"20":0,"21":1,"22":1,"23":0,"24":0,"25":0,"26":0,"27":0,"28":0,"29":0,"30":0,"31":0,"32":0,"33":0,"34":0,"35":0,"36":0,"37":0,"38":0,"39":0,"40":1},"f":{"0":1,"1":1,"2":0,"3":0,"4":1,"5":0},"b":{"0":[0,1],"1":[0,0],"2":[0,1],"3":[0,0],"4":[1,0],"5":[0,0],"6":[0,0],"7":[0,0],"8":[0,0],"9":[0,0],"10":[0,0]},"_coverageSchema":"1a1c01bbd47fc00a2c39e90264f33305004495a9","hash":"9d0d4bcc153cf9cb6b619204545baeb3e930caa0"}
}
